<?xml version="1.0" encoding="UTF-8"?>
<!-- Generated by org.testng.reporters.JUnitReportReporter -->
<testsuite skipped="0" hostname="DESKTOP-RIONQTI" name="reacttest.TC01_LoginTest" tests="1" failures="0" timestamp="2021-03-21T16:01:50 CAT" time="19.870" errors="0">
  <testcase name="loginTest" time="19.870" classname="reacttest.TC01_LoginTest"/>
</testsuite> <!-- reacttest.TC01_LoginTest -->
