<?xml version="1.0" encoding="UTF-8"?>
<!-- Generated by org.testng.reporters.JUnitReportReporter -->
<testsuite skipped="0" hostname="DESKTOP-RIONQTI" name="reacttest.TC02_AddToCartTest" tests="1" failures="0" timestamp="2021-03-21T16:01:50 CAT" time="18.588" errors="0">
  <testcase name="loginTest" time="18.588" classname="reacttest.TC02_AddToCartTest"/>
</testsuite> <!-- reacttest.TC02_AddToCartTest -->
